Using pre-set license
Built from '2020.3/release' branch; Version is '2020.3.27f1 (e759542391ea) revision 15161684'; Using compiler version '192528614'; Build Type 'Release'
OS: 'Windows 10  (10.0.19042) 64bit Professional' Language: 'en' Physical Memory: 8108 MB
BatchMode: 1, IsHumanControllingUs: 0, StartBugReporterOnCrash: 0, Is64bit: 1, IsPro: 0

COMMAND LINE ARGUMENTS:
C:\Program Files\Unity\Hub\Editor\2020.3.27f1\Editor\Unity.exe
-adb2
-batchMode
-noUpm
-name
AssetImportWorker0
-projectPath
E:/Creating Terrain
-logFile
Logs/AssetImportWorker0.log
-srvPort
59444
Successfully changed project path to: E:/Creating Terrain
E:/Creating Terrain
Using Asset Import Pipeline V2.
Refreshing native plugins compatible for Editor in 53.04 ms, found 2 plugins.
Preloading 0 native plugins for Editor in 0.00 ms.
Initialize engine version: 2020.3.27f1 (e759542391ea)
[Subsystems] Discovering subsystems at path C:/Program Files/Unity/Hub/Editor/2020.3.27f1/Editor/Data/Resources/UnitySubsystems
[Subsystems] Discovering subsystems at path E:/Creating Terrain/Assets
GfxDevice: creating device client; threaded=0
Direct3D:
    Version:  Direct3D 11.0 [level 11.1]
    Renderer: Intel(R) UHD Graphics 620 (ID=0x5917)
    Vendor:   
    VRAM:     4054 MB
    Driver:   26.20.100.7925
Initialize mono
Mono path[0] = 'C:/Program Files/Unity/Hub/Editor/2020.3.27f1/Editor/Data/Managed'
Mono path[1] = 'C:/Program Files/Unity/Hub/Editor/2020.3.27f1/Editor/Data/MonoBleedingEdge/lib/mono/unityjit'
Mono config path = 'C:/Program Files/Unity/Hub/Editor/2020.3.27f1/Editor/Data/MonoBleedingEdge/etc'
Using monoOptions --debugger-agent=transport=dt_socket,embedding=1,server=y,suspend=n,address=127.0.0.1:56192
Begin MonoManager ReloadAssembly
Registering precompiled unity dll's ...
Register platform support module: C:/Program Files/Unity/Hub/Editor/2020.3.27f1/Editor/Data/PlaybackEngines/WindowsStandaloneSupport/UnityEditor.WindowsStandalone.Extensions.dll
Registered in 0.001887 seconds.
Native extension for WindowsStandalone target not found
Refreshing native plugins compatible for Editor in 48.02 ms, found 2 plugins.
Preloading 0 native plugins for Editor in 0.00 ms.
Mono: successfully reloaded assembly
- Completed reload, in  0.577 seconds
Domain Reload Profiling:
	ReloadAssembly (577ms)
		BeginReloadAssembly (63ms)
			ExecutionOrderSort (0ms)
			DisableScriptedObjects (0ms)
			BackupInstance (0ms)
			ReleaseScriptingObjects (0ms)
			CreateAndSetChildDomain (1ms)
		EndReloadAssembly (446ms)
			LoadAssemblies (60ms)
			RebuildTransferFunctionScriptingTraits (0ms)
			SetupTypeCache (144ms)
			ReleaseScriptCaches (0ms)
			RebuildScriptCaches (30ms)
			SetupLoadedEditorAssemblies (178ms)
				LogAssemblyErrors (0ms)
				InitializePlatformSupportModulesInManaged (4ms)
				SetLoadedEditorAssemblies (0ms)
				RefreshPlugins (48ms)
				BeforeProcessingInitializeOnLoad (15ms)
				ProcessInitializeOnLoadAttributes (84ms)
				ProcessInitializeOnLoadMethodAttributes (27ms)
				AfterProcessingInitializeOnLoad (0ms)
				EditorAssembliesLoaded (0ms)
			ExecutionOrderSort2 (0ms)
			AwakeInstancesAfterBackupRestoration (0ms)
Platform modules already initialized, skipping
Registering precompiled user dll's ...
Registered in 0.003824 seconds.
Begin MonoManager ReloadAssembly
Native extension for WindowsStandalone target not found
Refreshing native plugins compatible for Editor in 1.56 ms, found 2 plugins.
Preloading 0 native plugins for Editor in 0.00 ms.
Mono: successfully reloaded assembly
- Completed reload, in  1.828 seconds
Domain Reload Profiling:
	ReloadAssembly (1829ms)
		BeginReloadAssembly (325ms)
			ExecutionOrderSort (0ms)
			DisableScriptedObjects (10ms)
			BackupInstance (0ms)
			ReleaseScriptingObjects (0ms)
			CreateAndSetChildDomain (36ms)
		EndReloadAssembly (1363ms)
			LoadAssemblies (192ms)
			RebuildTransferFunctionScriptingTraits (0ms)
			SetupTypeCache (609ms)
			ReleaseScriptCaches (1ms)
			RebuildScriptCaches (89ms)
			SetupLoadedEditorAssemblies (412ms)
				LogAssemblyErrors (0ms)
				InitializePlatformSupportModulesInManaged (7ms)
				SetLoadedEditorAssemblies (1ms)
				RefreshPlugins (2ms)
				BeforeProcessingInitializeOnLoad (113ms)
				ProcessInitializeOnLoadAttributes (234ms)
				ProcessInitializeOnLoadMethodAttributes (48ms)
				AfterProcessingInitializeOnLoad (7ms)
				EditorAssembliesLoaded (0ms)
			ExecutionOrderSort2 (0ms)
			AwakeInstancesAfterBackupRestoration (6ms)
Platform modules already initialized, skipping
========================================================================
Worker process is ready to serve import requests
Launched and connected shader compiler UnityShaderCompiler.exe after 0.07 seconds
Refreshing native plugins compatible for Editor in 1.05 ms, found 2 plugins.
Preloading 0 native plugins for Editor in 0.00 ms.
Unloading 2243 Unused Serialized files (Serialized files now loaded: 0)
System memory in use before: 115.8 MB.
System memory in use after: 106.8 MB.

Unloading 82 unused Assets to reduce memory usage. Loaded Objects now: 2640.
Total: 10.137900 ms (FindLiveObjects: 0.253700 ms CreateObjectMapping: 0.137200 ms MarkObjects: 8.207400 ms  DeleteObjects: 1.537800 ms)

AssetImportParameters requested are different than current active one (requested -> active):
  custom:framework-win-MediaFoundation: 216162199b28c13a410421893ffa2e32 -> 
  custom:video-decoder-ogg-theora: a1e56fd34408186e4bbccfd4996cb3dc -> 
  custom:container-muxer-webm: aa71ff27fc2769a1b78a27578f13a17b -> 
  custom:container-demuxer-webm: 4f35f7cbe854078d1ac9338744f61a02 -> 
  custom:container-demuxer-ogg: 62fdf1f143b41e24485cea50d1cbac27 -> 
  custom:video-encoder-webm-vp8: eb34c28f22e8b96e1ab97ce403110664 -> 
  custom:video-decoder-webm-vp8: 9c59270c3fd7afecdb556c50c9e8de78 -> 
  custom:audio-decoder-ogg-vorbis: bf7c407c2cedff20999df2af8eb42d56 -> 
  custom:audio-encoder-webm-vorbis: bf7c407c2cedff20999df2af8eb42d56 -> 
========================================================================
Received Import Request.
  path: Assets/Scripts/WaterIncreasing.cs
  artifactKey: Guid(63e649643f861ed4bad2c2040a6a39ae) Importer(815301076,1909f56bfc062723c751e8b465ee728b)
Start importing Assets/Scripts/WaterIncreasing.cs using Guid(63e649643f861ed4bad2c2040a6a39ae) Importer(815301076,1909f56bfc062723c751e8b465ee728b)  -> (artifact id: 'ad9b323ff020ee4a1cdf207ae1c78bc9') in 0.110652 seconds 
  Import took 0.114798 seconds .

========================================================================
Received Import Request.
  Time since last request: 98.734144 seconds.
  path: Assets/com/heparo/terrain/toolkit/editor/resources/Model_04_Cliff.jpg
  artifactKey: Guid(ca36746d235d7574f9df1a0ebaff19d0) Importer(815301076,1909f56bfc062723c751e8b465ee728b)
Start importing Assets/com/heparo/terrain/toolkit/editor/resources/Model_04_Cliff.jpg using Guid(ca36746d235d7574f9df1a0ebaff19d0) Importer(815301076,1909f56bfc062723c751e8b465ee728b)  -> (artifact id: '8d9e6589811fea79248464f0f3bf1e96') in 0.142574 seconds 
  Import took 0.153178 seconds .

========================================================================
Received Import Request.
  Time since last request: 0.000385 seconds.
  path: Assets/com/heparo/terrain/toolkit/textures/Path (Rocky).jpg
  artifactKey: Guid(3f5883d3d52420e4dad508c9b4fc8519) Importer(815301076,1909f56bfc062723c751e8b465ee728b)
Start importing Assets/com/heparo/terrain/toolkit/textures/Path (Rocky).jpg using Guid(3f5883d3d52420e4dad508c9b4fc8519) Importer(815301076,1909f56bfc062723c751e8b465ee728b)  -> (artifact id: 'a919ede3a79a8b50920d549684199889') in 0.030533 seconds 
  Import took 0.035298 seconds .

========================================================================
Received Import Request.
  Time since last request: 0.000358 seconds.
  path: Assets/com/heparo/terrain/toolkit/editor/resources/Model_02_Tx4.jpg
  artifactKey: Guid(822785365423b4041a0e65ea78bd3a78) Importer(815301076,1909f56bfc062723c751e8b465ee728b)
Start importing Assets/com/heparo/terrain/toolkit/editor/resources/Model_02_Tx4.jpg using Guid(822785365423b4041a0e65ea78bd3a78) Importer(815301076,1909f56bfc062723c751e8b465ee728b)  -> (artifact id: '06b74cf1da87112089b3d738f8c53a8f') in 0.026884 seconds 
  Import took 0.031424 seconds .

========================================================================
Received Import Request.
  Time since last request: 0.000349 seconds.
  path: Assets/com/heparo/terrain/toolkit/editor/resources/Model_04_Tx1.jpg
  artifactKey: Guid(d983623856d7f4b44bdb80d653f7f240) Importer(815301076,1909f56bfc062723c751e8b465ee728b)
Start importing Assets/com/heparo/terrain/toolkit/editor/resources/Model_04_Tx1.jpg using Guid(d983623856d7f4b44bdb80d653f7f240) Importer(815301076,1909f56bfc062723c751e8b465ee728b)  -> (artifact id: '5723e067d2d49f6c2161d2a0ff858555') in 0.010155 seconds 
  Import took 0.014701 seconds .

========================================================================
Received Prepare
Registering precompiled user dll's ...
Registered in 0.004371 seconds.
Begin MonoManager ReloadAssembly
Native extension for WindowsStandalone target not found
Refreshing native plugins compatible for Editor in 1.48 ms, found 2 plugins.
Preloading 0 native plugins for Editor in 0.00 ms.
Mono: successfully reloaded assembly
- Completed reload, in  1.511 seconds
Domain Reload Profiling:
	ReloadAssembly (1512ms)
		BeginReloadAssembly (154ms)
			ExecutionOrderSort (0ms)
			DisableScriptedObjects (6ms)
			BackupInstance (0ms)
			ReleaseScriptingObjects (0ms)
			CreateAndSetChildDomain (49ms)
		EndReloadAssembly (1291ms)
			LoadAssemblies (112ms)
			RebuildTransferFunctionScriptingTraits (0ms)
			SetupTypeCache (357ms)
			ReleaseScriptCaches (1ms)
			RebuildScriptCaches (47ms)
			SetupLoadedEditorAssemblies (654ms)
				LogAssemblyErrors (0ms)
				InitializePlatformSupportModulesInManaged (6ms)
				SetLoadedEditorAssemblies (1ms)
				RefreshPlugins (2ms)
				BeforeProcessingInitializeOnLoad (110ms)
				ProcessInitializeOnLoadAttributes (439ms)
				ProcessInitializeOnLoadMethodAttributes (83ms)
				AfterProcessingInitializeOnLoad (14ms)
				EditorAssembliesLoaded (1ms)
			ExecutionOrderSort2 (0ms)
			AwakeInstancesAfterBackupRestoration (13ms)
Platform modules already initialized, skipping
Refreshing native plugins compatible for Editor in 1.23 ms, found 2 plugins.
Preloading 0 native plugins for Editor in 0.00 ms.
Unloading 2234 Unused Serialized files (Serialized files now loaded: 0)
System memory in use before: 115.5 MB.
System memory in use after: 106.5 MB.

Unloading 73 unused Assets to reduce memory usage. Loaded Objects now: 2644.
Total: 14.481900 ms (FindLiveObjects: 0.289500 ms CreateObjectMapping: 0.152500 ms MarkObjects: 11.778800 ms  DeleteObjects: 2.259400 ms)

AssetImportParameters requested are different than current active one (requested -> active):
  custom:framework-win-MediaFoundation: 216162199b28c13a410421893ffa2e32 -> 
  custom:video-decoder-ogg-theora: a1e56fd34408186e4bbccfd4996cb3dc -> 
  custom:container-muxer-webm: aa71ff27fc2769a1b78a27578f13a17b -> 
  custom:container-demuxer-webm: 4f35f7cbe854078d1ac9338744f61a02 -> 
  custom:container-demuxer-ogg: 62fdf1f143b41e24485cea50d1cbac27 -> 
  custom:video-encoder-webm-vp8: eb34c28f22e8b96e1ab97ce403110664 -> 
  custom:video-decoder-webm-vp8: 9c59270c3fd7afecdb556c50c9e8de78 -> 
  custom:audio-decoder-ogg-vorbis: bf7c407c2cedff20999df2af8eb42d56 -> 
  custom:audio-encoder-webm-vorbis: bf7c407c2cedff20999df2af8eb42d56 -> 
========================================================================
Received Prepare
Registering precompiled user dll's ...
Registered in 0.005516 seconds.
Begin MonoManager ReloadAssembly
Native extension for WindowsStandalone target not found
Refreshing native plugins compatible for Editor in 0.80 ms, found 2 plugins.
Preloading 0 native plugins for Editor in 0.00 ms.
Mono: successfully reloaded assembly
- Completed reload, in  0.976 seconds
Domain Reload Profiling:
	ReloadAssembly (977ms)
		BeginReloadAssembly (111ms)
			ExecutionOrderSort (0ms)
			DisableScriptedObjects (6ms)
			BackupInstance (0ms)
			ReleaseScriptingObjects (0ms)
			CreateAndSetChildDomain (34ms)
		EndReloadAssembly (800ms)
			LoadAssemblies (95ms)
			RebuildTransferFunctionScriptingTraits (0ms)
			SetupTypeCache (264ms)
			ReleaseScriptCaches (1ms)
			RebuildScriptCaches (35ms)
			SetupLoadedEditorAssemblies (328ms)
				LogAssemblyErrors (0ms)
				InitializePlatformSupportModulesInManaged (4ms)
				SetLoadedEditorAssemblies (1ms)
				RefreshPlugins (1ms)
				BeforeProcessingInitializeOnLoad (77ms)
				ProcessInitializeOnLoadAttributes (201ms)
				ProcessInitializeOnLoadMethodAttributes (38ms)
				AfterProcessingInitializeOnLoad (7ms)
				EditorAssembliesLoaded (0ms)
			ExecutionOrderSort2 (0ms)
			AwakeInstancesAfterBackupRestoration (6ms)
Platform modules already initialized, skipping
Refreshing native plugins compatible for Editor in 0.87 ms, found 2 plugins.
Preloading 0 native plugins for Editor in 0.00 ms.
Unloading 2234 Unused Serialized files (Serialized files now loaded: 0)
System memory in use before: 115.5 MB.
System memory in use after: 106.5 MB.

Unloading 73 unused Assets to reduce memory usage. Loaded Objects now: 2646.
Total: 7.907300 ms (FindLiveObjects: 0.203600 ms CreateObjectMapping: 0.088900 ms MarkObjects: 6.256700 ms  DeleteObjects: 1.357100 ms)

AssetImportParameters requested are different than current active one (requested -> active):
  custom:framework-win-MediaFoundation: 216162199b28c13a410421893ffa2e32 -> 
  custom:video-decoder-ogg-theora: a1e56fd34408186e4bbccfd4996cb3dc -> 
  custom:container-muxer-webm: aa71ff27fc2769a1b78a27578f13a17b -> 
  custom:container-demuxer-webm: 4f35f7cbe854078d1ac9338744f61a02 -> 
  custom:container-demuxer-ogg: 62fdf1f143b41e24485cea50d1cbac27 -> 
  custom:video-encoder-webm-vp8: eb34c28f22e8b96e1ab97ce403110664 -> 
  custom:video-decoder-webm-vp8: 9c59270c3fd7afecdb556c50c9e8de78 -> 
  custom:audio-decoder-ogg-vorbis: bf7c407c2cedff20999df2af8eb42d56 -> 
  custom:audio-encoder-webm-vorbis: bf7c407c2cedff20999df2af8eb42d56 -> 
========================================================================
Received Import Request.
  Time since last request: 1435.404332 seconds.
  path: Assets/Scripts/WaterIncreasing.cs
  artifactKey: Guid(63e649643f861ed4bad2c2040a6a39ae) Importer(815301076,1909f56bfc062723c751e8b465ee728b)
Start importing Assets/Scripts/WaterIncreasing.cs using Guid(63e649643f861ed4bad2c2040a6a39ae) Importer(815301076,1909f56bfc062723c751e8b465ee728b)  -> (artifact id: '7e57be759d628e7a7d9930695e33636f') in 0.008263 seconds 
  Import took 0.133938 seconds .

========================================================================
Received Prepare
Registering precompiled user dll's ...
Registered in 0.006304 seconds.
Begin MonoManager ReloadAssembly
Native extension for WindowsStandalone target not found
Refreshing native plugins compatible for Editor in 0.79 ms, found 2 plugins.
Preloading 0 native plugins for Editor in 0.00 ms.
Mono: successfully reloaded assembly
- Completed reload, in  1.273 seconds
Domain Reload Profiling:
	ReloadAssembly (1273ms)
		BeginReloadAssembly (126ms)
			ExecutionOrderSort (0ms)
			DisableScriptedObjects (6ms)
			BackupInstance (0ms)
			ReleaseScriptingObjects (0ms)
			CreateAndSetChildDomain (37ms)
		EndReloadAssembly (1087ms)
			LoadAssemblies (104ms)
			RebuildTransferFunctionScriptingTraits (0ms)
			SetupTypeCache (308ms)
			ReleaseScriptCaches (1ms)
			RebuildScriptCaches (41ms)
			SetupLoadedEditorAssemblies (519ms)
				LogAssemblyErrors (0ms)
				InitializePlatformSupportModulesInManaged (5ms)
				SetLoadedEditorAssemblies (1ms)
				RefreshPlugins (1ms)
				BeforeProcessingInitializeOnLoad (97ms)
				ProcessInitializeOnLoadAttributes (324ms)
				ProcessInitializeOnLoadMethodAttributes (77ms)
				AfterProcessingInitializeOnLoad (14ms)
				EditorAssembliesLoaded (0ms)
			ExecutionOrderSort2 (0ms)
			AwakeInstancesAfterBackupRestoration (13ms)
Platform modules already initialized, skipping
Refreshing native plugins compatible for Editor in 1.22 ms, found 2 plugins.
Preloading 0 native plugins for Editor in 0.00 ms.
Unloading 2241 Unused Serialized files (Serialized files now loaded: 0)
System memory in use before: 115.7 MB.
System memory in use after: 106.7 MB.

Unloading 73 unused Assets to reduce memory usage. Loaded Objects now: 2655.
Total: 15.160900 ms (FindLiveObjects: 0.280500 ms CreateObjectMapping: 0.175700 ms MarkObjects: 12.258700 ms  DeleteObjects: 2.443400 ms)

AssetImportParameters requested are different than current active one (requested -> active):
  custom:framework-win-MediaFoundation: 216162199b28c13a410421893ffa2e32 -> 
  custom:video-decoder-ogg-theora: a1e56fd34408186e4bbccfd4996cb3dc -> 
  custom:container-muxer-webm: aa71ff27fc2769a1b78a27578f13a17b -> 
  custom:container-demuxer-webm: 4f35f7cbe854078d1ac9338744f61a02 -> 
  custom:container-demuxer-ogg: 62fdf1f143b41e24485cea50d1cbac27 -> 
  custom:video-encoder-webm-vp8: eb34c28f22e8b96e1ab97ce403110664 -> 
  custom:video-decoder-webm-vp8: 9c59270c3fd7afecdb556c50c9e8de78 -> 
  custom:audio-decoder-ogg-vorbis: bf7c407c2cedff20999df2af8eb42d56 -> 
  custom:audio-encoder-webm-vorbis: bf7c407c2cedff20999df2af8eb42d56 -> 
========================================================================
Received Import Request.
  Time since last request: 318.105782 seconds.
  path: Assets/#NVJOB Water Shaders V2/Example Scenes/Environment/Lighthouse/Models/Lighthouse.fbx
  artifactKey: Guid(c5a48421b9b94cd0bc89db4379a3dae0) Importer(815301076,1909f56bfc062723c751e8b465ee728b)
Start importing Assets/#NVJOB Water Shaders V2/Example Scenes/Environment/Lighthouse/Models/Lighthouse.fbx using Guid(c5a48421b9b94cd0bc89db4379a3dae0) Importer(815301076,1909f56bfc062723c751e8b465ee728b)  -> (artifact id: 'b28634ab1fe9eeb345a152425990f823') in 0.740882 seconds 
  Import took 0.763178 seconds .

========================================================================
Received Import Request.
  Time since last request: 0.000443 seconds.
  path: Assets/#NVJOB Water Shaders V2/Example Scenes/Environment/Flag/Models/Flag.fbx
  artifactKey: Guid(6767b4a71c004723b61cf1c813fe0d8d) Importer(815301076,1909f56bfc062723c751e8b465ee728b)
Start importing Assets/#NVJOB Water Shaders V2/Example Scenes/Environment/Flag/Models/Flag.fbx using Guid(6767b4a71c004723b61cf1c813fe0d8d) Importer(815301076,1909f56bfc062723c751e8b465ee728b)  -> (artifact id: '0a898d1c83c9b9da52a5ba5960bef615') in 0.094664 seconds 
  Import took 0.121617 seconds .

========================================================================
Received Import Request.
  Time since last request: 0.000353 seconds.
  path: Assets/#NVJOB Water Shaders V2/Example Scenes/Environment/Lighthouse/Materials/0.mat
  artifactKey: Guid(cf7820da9cb946a6b2157e7775d125c8) Importer(815301076,1909f56bfc062723c751e8b465ee728b)
Start importing Assets/#NVJOB Water Shaders V2/Example Scenes/Environment/Lighthouse/Materials/0.mat using Guid(cf7820da9cb946a6b2157e7775d125c8) Importer(815301076,1909f56bfc062723c751e8b465ee728b)  -> (artifact id: '8bc19ab1572e54753d27a37d843a8e1b') in 0.790024 seconds 
  Import took 0.806853 seconds .

========================================================================
Received Import Request.
  Time since last request: 0.000441 seconds.
  path: Assets/#NVJOB Water Shaders V2/Example Scenes/Environment/Lighthouse/Materials/3.mat
  artifactKey: Guid(0fffec6e5e994a65b068aa2424ec22ff) Importer(815301076,1909f56bfc062723c751e8b465ee728b)
Start importing Assets/#NVJOB Water Shaders V2/Example Scenes/Environment/Lighthouse/Materials/3.mat using Guid(0fffec6e5e994a65b068aa2424ec22ff) Importer(815301076,1909f56bfc062723c751e8b465ee728b)  -> (artifact id: '5aa8f5332eef465d1af3f43ecf2f6249') in 0.249865 seconds 
  Import took 0.270495 seconds .

========================================================================
Received Import Request.
  Time since last request: 0.000329 seconds.
  path: Assets/#NVJOB Water Shaders V2/Example Scenes/Environment/Lighthouse/Materials/1.mat
  artifactKey: Guid(ea5fca34bfca46058be76a8447d07b29) Importer(815301076,1909f56bfc062723c751e8b465ee728b)
Start importing Assets/#NVJOB Water Shaders V2/Example Scenes/Environment/Lighthouse/Materials/1.mat using Guid(ea5fca34bfca46058be76a8447d07b29) Importer(815301076,1909f56bfc062723c751e8b465ee728b)  -> (artifact id: '37405f8af7b7e941b67bf65bb667374e') in 0.053130 seconds 
  Import took 0.133715 seconds .

========================================================================
Received Import Request.
  Time since last request: 0.000342 seconds.
  path: Assets/#NVJOB Water Shaders V2/Example Scenes/Environment/Lighthouse/Materials/2.mat
  artifactKey: Guid(86580b4bba494c509507bf72c8faa7d8) Importer(815301076,1909f56bfc062723c751e8b465ee728b)
Start importing Assets/#NVJOB Water Shaders V2/Example Scenes/Environment/Lighthouse/Materials/2.mat using Guid(86580b4bba494c509507bf72c8faa7d8) Importer(815301076,1909f56bfc062723c751e8b465ee728b)  -> (artifact id: 'e70fc47632b4021f283327d497ec6e14') in 0.034515 seconds 
  Import took 0.079642 seconds .

========================================================================
Received Import Request.
  Time since last request: 0.454062 seconds.
  path: Assets/com/heparo/terrain/toolkit/demonstration/materials/Demo_Water_Material.mat
  artifactKey: Guid(b630a3ddafa85cf4caeec8e7a7461a5c) Importer(815301076,1909f56bfc062723c751e8b465ee728b)
Start importing Assets/com/heparo/terrain/toolkit/demonstration/materials/Demo_Water_Material.mat using Guid(b630a3ddafa85cf4caeec8e7a7461a5c) Importer(815301076,1909f56bfc062723c751e8b465ee728b)  -> (artifact id: '2360c660a9d9b7d2b9e3b946726ff81c') in 1.838548 seconds 
  Import took 1.847524 seconds .

========================================================================
Received Import Request.
  Time since last request: 0.000626 seconds.
  path: Assets/Bitgem/StylisedWater/URP/Materials/example-water-03.mat
  artifactKey: Guid(008541be8ad8b3f42a5318e1c4a73d1c) Importer(815301076,1909f56bfc062723c751e8b465ee728b)
Start importing Assets/Bitgem/StylisedWater/URP/Materials/example-water-03.mat using Guid(008541be8ad8b3f42a5318e1c4a73d1c) Importer(815301076,1909f56bfc062723c751e8b465ee728b)  -> (artifact id: '298a48f254f744ed30185fcdaae3cf3a') in 0.018401 seconds 
  Import took 0.043421 seconds .

========================================================================
Received Import Request.
  Time since last request: 0.000593 seconds.
  path: Assets/#NVJOB Water Shaders V2/Examples Water/Materials/Water Surface.mat
  artifactKey: Guid(4ebf5c060eba48729e051aead702c3f4) Importer(815301076,1909f56bfc062723c751e8b465ee728b)
Start importing Assets/#NVJOB Water Shaders V2/Examples Water/Materials/Water Surface.mat using Guid(4ebf5c060eba48729e051aead702c3f4) Importer(815301076,1909f56bfc062723c751e8b465ee728b)  -> (artifact id: 'febdaefa9156423d402be71f6482f8ad') in 0.033441 seconds 
  Import took 0.077315 seconds .

========================================================================
Received Import Request.
  Time since last request: 0.000332 seconds.
  path: Assets/#NVJOB Water Shaders V2/Examples Water/Materials/Water Specular.mat
  artifactKey: Guid(cb828776dbc84113ad97bd57cdf21b26) Importer(815301076,1909f56bfc062723c751e8b465ee728b)
Start importing Assets/#NVJOB Water Shaders V2/Examples Water/Materials/Water Specular.mat using Guid(cb828776dbc84113ad97bd57cdf21b26) Importer(815301076,1909f56bfc062723c751e8b465ee728b)  -> (artifact id: '8863b18f6e387b8fedc2d13a47cdb028') in 0.210554 seconds 
  Import took 0.230721 seconds .

========================================================================
Received Import Request.
  Time since last request: 0.000376 seconds.
  path: Assets/Bitgem/StylisedWater/URP/Materials/example-water-01.mat
  artifactKey: Guid(16ca5feb16ef2d744852096378401523) Importer(815301076,1909f56bfc062723c751e8b465ee728b)
Start importing Assets/Bitgem/StylisedWater/URP/Materials/example-water-01.mat using Guid(16ca5feb16ef2d744852096378401523) Importer(815301076,1909f56bfc062723c751e8b465ee728b)  -> (artifact id: '448a23657d951eac9577e033e5a1f118') in 0.008087 seconds 
  Import took 0.043061 seconds .

========================================================================
Received Import Request.
  Time since last request: 0.000362 seconds.
  path: Assets/#NVJOB Water Shaders V2/Examples Water/Materials/Water Surface Mirror.mat
  artifactKey: Guid(e19529f3ff7a4aa091af92c2f4cf3963) Importer(815301076,1909f56bfc062723c751e8b465ee728b)
Start importing Assets/#NVJOB Water Shaders V2/Examples Water/Materials/Water Surface Mirror.mat using Guid(e19529f3ff7a4aa091af92c2f4cf3963) Importer(815301076,1909f56bfc062723c751e8b465ee728b)  -> (artifact id: '934360e78fac64a26bf50a25a5d9e25b') in 0.072420 seconds 
  Import took 0.120471 seconds .

========================================================================
Received Import Request.
  Time since last request: 0.000488 seconds.
  path: Assets/Bitgem/StylisedWater/URP/Materials/example-water-02.mat
  artifactKey: Guid(fb659c98d6ac4db41b88596ff2c4e2e1) Importer(815301076,1909f56bfc062723c751e8b465ee728b)
Start importing Assets/Bitgem/StylisedWater/URP/Materials/example-water-02.mat using Guid(fb659c98d6ac4db41b88596ff2c4e2e1) Importer(815301076,1909f56bfc062723c751e8b465ee728b)  -> (artifact id: 'af690492dce2a0024f14bfafe0dbcef4') in 0.012701 seconds 
  Import took 0.035517 seconds .

========================================================================
Received Import Request.
  Time since last request: 0.000425 seconds.
  path: Assets/#NVJOB Water Shaders V2/Examples Water/Materials/Water Specular Mirror.mat
  artifactKey: Guid(1a127b9031564ff99a732e71b9738356) Importer(815301076,1909f56bfc062723c751e8b465ee728b)
Start importing Assets/#NVJOB Water Shaders V2/Examples Water/Materials/Water Specular Mirror.mat using Guid(1a127b9031564ff99a732e71b9738356) Importer(815301076,1909f56bfc062723c751e8b465ee728b)  -> (artifact id: 'bc62c693af23cf7e408b42779631ad3b') in 0.102965 seconds 
  Import took 0.114223 seconds .

========================================================================
Received Import Request.
  Time since last request: 40.768418 seconds.
  path: Assets/#NVJOB Water Shaders V2/Example Scenes/Environment/Rainbow/Materials/Rainbow.mat
  artifactKey: Guid(f77540c7cdf74abfae0fe19428d6fa93) Importer(815301076,1909f56bfc062723c751e8b465ee728b)
Start importing Assets/#NVJOB Water Shaders V2/Example Scenes/Environment/Rainbow/Materials/Rainbow.mat using Guid(f77540c7cdf74abfae0fe19428d6fa93) Importer(815301076,1909f56bfc062723c751e8b465ee728b)  -> (artifact id: 'db4565239e81c20f1114fc46ce3da0d4') in 0.550644 seconds 
  Import took 0.557672 seconds .

========================================================================
Received Import Request.
  Time since last request: 0.000289 seconds.
  path: Assets/#NVJOB Water Shaders V2/Example Scenes/PostProcessing/Utilities/CustomMotionTexture/Materials/WheelMotionVectors.mat
  artifactKey: Guid(6f8e1b3731e042e8a9a4b9b53b6fcb80) Importer(815301076,1909f56bfc062723c751e8b465ee728b)
Start importing Assets/#NVJOB Water Shaders V2/Example Scenes/PostProcessing/Utilities/CustomMotionTexture/Materials/WheelMotionVectors.mat using Guid(6f8e1b3731e042e8a9a4b9b53b6fcb80) Importer(815301076,1909f56bfc062723c751e8b465ee728b)  -> (artifact id: 'eb1f1b162a3b44496e31de8e84e31f19') in 0.414506 seconds 
  Import took 0.429622 seconds .

========================================================================
Received Import Request.
  Time since last request: 523.099737 seconds.
  path: Assets/Bitgem/StylisedWater/URP/Materials/greyboxing.mat
  artifactKey: Guid(daf55c765d391c942b306a6a1483d9e7) Importer(815301076,1909f56bfc062723c751e8b465ee728b)
Start importing Assets/Bitgem/StylisedWater/URP/Materials/greyboxing.mat using Guid(daf55c765d391c942b306a6a1483d9e7) Importer(815301076,1909f56bfc062723c751e8b465ee728b)  -> (artifact id: '43fbf6fe79c5178b6bec0027a6d13b1a') in 0.016875 seconds 
  Import took 0.120128 seconds .

========================================================================
Received Import Request.
  Time since last request: 0.000363 seconds.
  path: Assets/Bitgem/StylisedWater/URP/Materials/skybox.mat
  artifactKey: Guid(2c569dc78b4a14a66a37c4a7386a4147) Importer(815301076,1909f56bfc062723c751e8b465ee728b)
Start importing Assets/Bitgem/StylisedWater/URP/Materials/skybox.mat using Guid(2c569dc78b4a14a66a37c4a7386a4147) Importer(815301076,1909f56bfc062723c751e8b465ee728b)  -> (artifact id: 'de63a9c0eec238dc8f9bc1f2465bb2c1') in 0.185408 seconds 
  Import took 0.203650 seconds .

========================================================================
Received Import Request.
  Time since last request: 11.632105 seconds.
  path: Assets/#NVJOB Water Shaders V2/Example Scenes/PostProcessing/Utilities/CustomMotionTexture/Materials/DebugMotionVectors.mat
  artifactKey: Guid(0cf86668464843b58b0da68c651682f0) Importer(815301076,1909f56bfc062723c751e8b465ee728b)
Start importing Assets/#NVJOB Water Shaders V2/Example Scenes/PostProcessing/Utilities/CustomMotionTexture/Materials/DebugMotionVectors.mat using Guid(0cf86668464843b58b0da68c651682f0) Importer(815301076,1909f56bfc062723c751e8b465ee728b)  -> (artifact id: 'ce611130484d0e921bfd04ab9d38dff6') in 0.092142 seconds 
  Import took 0.111693 seconds .

========================================================================
Received Import Request.
  Time since last request: 0.000378 seconds.
  path: Assets/#NVJOB Water Shaders V2/Example Scenes/Environment/Flag/Materials/Flag 1.mat
  artifactKey: Guid(496aee2d98824cddab2cae94ce26550c) Importer(815301076,1909f56bfc062723c751e8b465ee728b)
Start importing Assets/#NVJOB Water Shaders V2/Example Scenes/Environment/Flag/Materials/Flag 1.mat using Guid(496aee2d98824cddab2cae94ce26550c) Importer(815301076,1909f56bfc062723c751e8b465ee728b)  -> (artifact id: 'f99739606f44ef3b17aa4040f5902392') in 0.073932 seconds 
  Import took 0.079864 seconds .

========================================================================
Received Import Request.
  Time since last request: 0.000368 seconds.
  path: Assets/#NVJOB Water Shaders V2/Example Scenes/Environment/Flag/Materials/Flag 0.mat
  artifactKey: Guid(ea3d97bab21448d481095e153c0bc087) Importer(815301076,1909f56bfc062723c751e8b465ee728b)
Start importing Assets/#NVJOB Water Shaders V2/Example Scenes/Environment/Flag/Materials/Flag 0.mat using Guid(ea3d97bab21448d481095e153c0bc087) Importer(815301076,1909f56bfc062723c751e8b465ee728b)  -> (artifact id: '2bc154766151ac9040fac94786a95d67') in 0.162036 seconds 
  Import took 0.185942 seconds .

========================================================================
Received Import Request.
  Time since last request: 0.000366 seconds.
  path: Assets/#NVJOB Water Shaders V2/Example Scenes/Environment/#NVJOB Assets/Dynamic Sky (For Demo)/Materials/Horizon 1.mat
  artifactKey: Guid(8b0965c74b2c4cebbdb344a10a2ca810) Importer(815301076,1909f56bfc062723c751e8b465ee728b)
Start importing Assets/#NVJOB Water Shaders V2/Example Scenes/Environment/#NVJOB Assets/Dynamic Sky (For Demo)/Materials/Horizon 1.mat using Guid(8b0965c74b2c4cebbdb344a10a2ca810) Importer(815301076,1909f56bfc062723c751e8b465ee728b)  -> (artifact id: 'e3b8ef31a8d260d0ba8152ea2cbd373d') in 0.124796 seconds 
  Import took 0.142625 seconds .

========================================================================
Received Import Request.
  Time since last request: 0.000414 seconds.
  path: Assets/#NVJOB Water Shaders V2/Example Scenes/PostProcessing/Utilities/CustomMotionTexture/Materials/DebugQuad.mat
  artifactKey: Guid(b59c2f79e8544599995df781b13fb391) Importer(815301076,1909f56bfc062723c751e8b465ee728b)
Start importing Assets/#NVJOB Water Shaders V2/Example Scenes/PostProcessing/Utilities/CustomMotionTexture/Materials/DebugQuad.mat using Guid(b59c2f79e8544599995df781b13fb391) Importer(815301076,1909f56bfc062723c751e8b465ee728b)  -> (artifact id: '868d3992ad569b4ab47c3267a4fdfa8a') in 0.044914 seconds 
  Import took 0.050470 seconds .

========================================================================
Received Import Request.
  Time since last request: 0.000318 seconds.
  path: Assets/com/heparo/terrain/toolkit/demonstration/materials/Demo_SkyBox_Material.mat
  artifactKey: Guid(2b7fecfc9c9646e4f8255f0ad4681d03) Importer(815301076,1909f56bfc062723c751e8b465ee728b)
Start importing Assets/com/heparo/terrain/toolkit/demonstration/materials/Demo_SkyBox_Material.mat using Guid(2b7fecfc9c9646e4f8255f0ad4681d03) Importer(815301076,1909f56bfc062723c751e8b465ee728b)  -> (artifact id: '69b319905a38cb571ff9b56b18ad4c2b') in 0.024894 seconds 
  Import took 0.029534 seconds .

========================================================================
Received Import Request.
  Time since last request: 4.439185 seconds.
  path: Assets/#NVJOB Water Shaders V2/Example Scenes/Environment/#NVJOB Assets/Dynamic Sky (For Demo)/Materials/Horizon 2.mat
  artifactKey: Guid(a5b6a16e7a9241b2bfdb9e5de455dea3) Importer(815301076,1909f56bfc062723c751e8b465ee728b)
Start importing Assets/#NVJOB Water Shaders V2/Example Scenes/Environment/#NVJOB Assets/Dynamic Sky (For Demo)/Materials/Horizon 2.mat using Guid(a5b6a16e7a9241b2bfdb9e5de455dea3) Importer(815301076,1909f56bfc062723c751e8b465ee728b)  -> (artifact id: '2f893694081630a6434914b9dd24e56b') in 0.034370 seconds 
  Import took 0.062965 seconds .

========================================================================
Received Import Request.
  Time since last request: 0.000435 seconds.
  path: Assets/#NVJOB Water Shaders V2/Example Scenes/Environment/Island/Materials/Island 1.mat
  artifactKey: Guid(80024fb0caf74b5ebac71fc57f83a2d0) Importer(815301076,1909f56bfc062723c751e8b465ee728b)
Start importing Assets/#NVJOB Water Shaders V2/Example Scenes/Environment/Island/Materials/Island 1.mat using Guid(80024fb0caf74b5ebac71fc57f83a2d0) Importer(815301076,1909f56bfc062723c751e8b465ee728b)  -> (artifact id: '02a71c14062a46ac0d266a1b91f73146') in 0.257751 seconds 
  Import took 0.261628 seconds .

========================================================================
Received Import Request.
  Time since last request: 0.000369 seconds.
  path: Assets/#NVJOB Water Shaders V2/Example Scenes/Environment/Palm Trees/Models/Palm Tress.fbx
  artifactKey: Guid(ac46fdecd19940e08753b2f1f80b22a6) Importer(815301076,1909f56bfc062723c751e8b465ee728b)
Start importing Assets/#NVJOB Water Shaders V2/Example Scenes/Environment/Palm Trees/Models/Palm Tress.fbx using Guid(ac46fdecd19940e08753b2f1f80b22a6) Importer(815301076,1909f56bfc062723c751e8b465ee728b)  -> (artifact id: '1ae25fd94918312deab21542cb2743cc') in 0.128367 seconds 
  Import took 0.131544 seconds .

========================================================================
Received Import Request.
  Time since last request: 0.000331 seconds.
  path: Assets/#NVJOB Water Shaders V2/Example Scenes/Environment/Palm Trees/Materials/Palm.mat
  artifactKey: Guid(5060be45a1694ec3a40040b1c3f3e8f1) Importer(815301076,1909f56bfc062723c751e8b465ee728b)
Start importing Assets/#NVJOB Water Shaders V2/Example Scenes/Environment/Palm Trees/Materials/Palm.mat using Guid(5060be45a1694ec3a40040b1c3f3e8f1) Importer(815301076,1909f56bfc062723c751e8b465ee728b)  -> (artifact id: 'ad22de492cfbeebe3c004eb5868cacb4') in 0.688545 seconds 
  Import took 0.692044 seconds .

========================================================================
Received Import Request.
  Time since last request: 0.000358 seconds.
  path: Assets/#NVJOB Water Shaders V2/Example Scenes/Environment/Particles/Particle 1.mat
  artifactKey: Guid(c059c94e69774fbf9faec33f91920a31) Importer(815301076,1909f56bfc062723c751e8b465ee728b)
Start importing Assets/#NVJOB Water Shaders V2/Example Scenes/Environment/Particles/Particle 1.mat using Guid(c059c94e69774fbf9faec33f91920a31) Importer(815301076,1909f56bfc062723c751e8b465ee728b)  -> (artifact id: 'a81f2614afbf83a0f25553eefffacd8b') in 0.071557 seconds 
  Import took 0.074903 seconds .

========================================================================
Received Import Request.
  Time since last request: 0.000409 seconds.
  path: Assets/#NVJOB Water Shaders V2/Example Scenes/Environment/Island/Materials/Island 2.mat
  artifactKey: Guid(2750317320ef4fdb9508f15d9943f98d) Importer(815301076,1909f56bfc062723c751e8b465ee728b)
Start importing Assets/#NVJOB Water Shaders V2/Example Scenes/Environment/Island/Materials/Island 2.mat using Guid(2750317320ef4fdb9508f15d9943f98d) Importer(815301076,1909f56bfc062723c751e8b465ee728b)  -> (artifact id: 'a4b65be67830203e0cfc08f89ae9405a') in 0.313947 seconds 
  Import took 0.317165 seconds .

========================================================================
Received Import Request.
  Time since last request: 0.700996 seconds.
  path: Assets/#NVJOB Water Shaders V2/Example Scenes/Environment/Particles/Particle 2.mat
  artifactKey: Guid(79f43568c800436384039ce9556fde0a) Importer(815301076,1909f56bfc062723c751e8b465ee728b)
Start importing Assets/#NVJOB Water Shaders V2/Example Scenes/Environment/Particles/Particle 2.mat using Guid(79f43568c800436384039ce9556fde0a) Importer(815301076,1909f56bfc062723c751e8b465ee728b)  -> (artifact id: 'b562e791bf4abbdc5ab9a319c4cc0e45') in 0.008731 seconds 
  Import took 0.029074 seconds .

========================================================================
Received Import Request.
  Time since last request: 0.130477 seconds.
  path: Assets/#NVJOB Water Shaders V2/Example Scenes/PostProcessing/Utilities/CustomMotionTexture/Materials/UVChecker.mat
  artifactKey: Guid(a1c263f7c2bc457498c06aff5688dbcb) Importer(815301076,1909f56bfc062723c751e8b465ee728b)
Start importing Assets/#NVJOB Water Shaders V2/Example Scenes/PostProcessing/Utilities/CustomMotionTexture/Materials/UVChecker.mat using Guid(a1c263f7c2bc457498c06aff5688dbcb) Importer(815301076,1909f56bfc062723c751e8b465ee728b)  -> (artifact id: 'a2c38ba1b7d69b049f8de9cc4ed1724f') in 0.152769 seconds 
  Import took 0.164937 seconds .

========================================================================
Received Import Request.
  Time since last request: 4.610038 seconds.
  path: Assets/#NVJOB Water Shaders V2/Example Scenes/Environment/#NVJOB Assets/Dynamic Sky (For Demo)/Materials/Clouds 1.mat
  artifactKey: Guid(ddec3a0f56aa468fbf6575d1fb580c43) Importer(815301076,1909f56bfc062723c751e8b465ee728b)
Start importing Assets/#NVJOB Water Shaders V2/Example Scenes/Environment/#NVJOB Assets/Dynamic Sky (For Demo)/Materials/Clouds 1.mat using Guid(ddec3a0f56aa468fbf6575d1fb580c43) Importer(815301076,1909f56bfc062723c751e8b465ee728b)  -> (artifact id: '869900210c16245411036a092c45455c') in 0.099936 seconds 
  Import took 0.105199 seconds .

========================================================================
Received Import Request.
  Time since last request: 0.000386 seconds.
  path: Assets/#NVJOB Water Shaders V2/Example Scenes/Environment/#NVJOB Assets/Dynamic Sky (For Demo)/Materials/Clouds 2.mat
  artifactKey: Guid(dd7a414e67514f87a6c4d69b61222857) Importer(815301076,1909f56bfc062723c751e8b465ee728b)
Start importing Assets/#NVJOB Water Shaders V2/Example Scenes/Environment/#NVJOB Assets/Dynamic Sky (For Demo)/Materials/Clouds 2.mat using Guid(dd7a414e67514f87a6c4d69b61222857) Importer(815301076,1909f56bfc062723c751e8b465ee728b)  -> (artifact id: 'd3f7b5205353dae4b5aa40736bcbe058') in 0.072020 seconds 
  Import took 0.094453 seconds .

========================================================================
Received Import Request.
  Time since last request: 0.000432 seconds.
  path: Assets/#NVJOB Water Shaders V2/Example Scenes/Environment/Lighthouse/Materials/4.mat
  artifactKey: Guid(5151646d503c42369d2aeeb8359ca0f4) Importer(815301076,1909f56bfc062723c751e8b465ee728b)
Start importing Assets/#NVJOB Water Shaders V2/Example Scenes/Environment/Lighthouse/Materials/4.mat using Guid(5151646d503c42369d2aeeb8359ca0f4) Importer(815301076,1909f56bfc062723c751e8b465ee728b)  -> (artifact id: '9e866bb7b45c10d10d7e56f59c0a6134') in 0.167716 seconds 
  Import took 0.171770 seconds .

========================================================================
Received Import Request.
  Time since last request: 0.000300 seconds.
  path: Assets/#NVJOB Water Shaders V2/Example Scenes/Environment/Palm Trees/Materials/Bark.mat
  artifactKey: Guid(14df40d75f024ff697254789566332c8) Importer(815301076,1909f56bfc062723c751e8b465ee728b)
Start importing Assets/#NVJOB Water Shaders V2/Example Scenes/Environment/Palm Trees/Materials/Bark.mat using Guid(14df40d75f024ff697254789566332c8) Importer(815301076,1909f56bfc062723c751e8b465ee728b)  -> (artifact id: '09f1330d410db6c9b76c78ba299cd5ab') in 0.435238 seconds 
  Import took 0.439241 seconds .

========================================================================
Received Import Request.
  Time since last request: 242.822907 seconds.
  path: Assets/Bitgem/StylisedWater/URP/Materials
  artifactKey: Guid(23dd8f7c55dedc9428557d7ab46cf80b) Importer(815301076,1909f56bfc062723c751e8b465ee728b)
Start importing Assets/Bitgem/StylisedWater/URP/Materials using Guid(23dd8f7c55dedc9428557d7ab46cf80b) Importer(815301076,1909f56bfc062723c751e8b465ee728b)  -> (artifact id: '5b7def3a3d346e29d5671b2427d79db1') in 0.001906 seconds 
  Import took 0.007279 seconds .

========================================================================
Received Import Request.
  Time since last request: 393.249726 seconds.
  path: Assets/#NVJOB Water Shaders V2/Example Scenes/Environment/#NVJOB Assets/Dynamic Sky (For Demo)/Sky Dome.fbx
  artifactKey: Guid(94a9b9e2dfd5418897b55718247b091d) Importer(815301076,1909f56bfc062723c751e8b465ee728b)
Start importing Assets/#NVJOB Water Shaders V2/Example Scenes/Environment/#NVJOB Assets/Dynamic Sky (For Demo)/Sky Dome.fbx using Guid(94a9b9e2dfd5418897b55718247b091d) Importer(815301076,1909f56bfc062723c751e8b465ee728b)  -> (artifact id: '1a4403cc83abecced8d1e75d0031edb3') in 0.168641 seconds 
  Import took 0.175348 seconds .

========================================================================
Received Import Request.
  Time since last request: 0.000358 seconds.
  path: Assets/Bitgem/StylisedWater/URP/Meshes/example-scene-01.fbx
  artifactKey: Guid(55638e09f83bd764b9c7be381da6e240) Importer(815301076,1909f56bfc062723c751e8b465ee728b)
Start importing Assets/Bitgem/StylisedWater/URP/Meshes/example-scene-01.fbx using Guid(55638e09f83bd764b9c7be381da6e240) Importer(815301076,1909f56bfc062723c751e8b465ee728b)  -> (artifact id: '4aa0e32ddabc57c6d686a9c653b0c2ea') in 0.032017 seconds 
  Import took 0.048825 seconds .

========================================================================
Received Import Request.
  Time since last request: 0.000360 seconds.
  path: Assets/#NVJOB Water Shaders V2/Example Scenes/PostProcessing/Utilities/CustomMotionTexture/Models/WheelMovecs.FBX
  artifactKey: Guid(e79a043e23f64204adf09e4ad74c1e90) Importer(815301076,1909f56bfc062723c751e8b465ee728b)
Start importing Assets/#NVJOB Water Shaders V2/Example Scenes/PostProcessing/Utilities/CustomMotionTexture/Models/WheelMovecs.FBX using Guid(e79a043e23f64204adf09e4ad74c1e90) Importer(815301076,1909f56bfc062723c751e8b465ee728b)  -> (artifact id: '840bf2ef40a5f7d1e32ee79e55dd645b') in 0.087354 seconds 
  Import took 0.110620 seconds .

========================================================================
Received Prepare
Registering precompiled user dll's ...
Registered in 0.005377 seconds.
Begin MonoManager ReloadAssembly
Native extension for WindowsStandalone target not found
Refreshing native plugins compatible for Editor in 0.98 ms, found 2 plugins.
Preloading 0 native plugins for Editor in 0.00 ms.
Mono: successfully reloaded assembly
- Completed reload, in  1.166 seconds
Domain Reload Profiling:
	ReloadAssembly (1167ms)
		BeginReloadAssembly (167ms)
			ExecutionOrderSort (0ms)
			DisableScriptedObjects (6ms)
			BackupInstance (0ms)
			ReleaseScriptingObjects (0ms)
			CreateAndSetChildDomain (58ms)
		EndReloadAssembly (938ms)
			LoadAssemblies (110ms)
			RebuildTransferFunctionScriptingTraits (0ms)
			SetupTypeCache (314ms)
			ReleaseScriptCaches (1ms)
			RebuildScriptCaches (43ms)
			SetupLoadedEditorAssemblies (384ms)
				LogAssemblyErrors (0ms)
				InitializePlatformSupportModulesInManaged (4ms)
				SetLoadedEditorAssemblies (0ms)
				RefreshPlugins (1ms)
				BeforeProcessingInitializeOnLoad (84ms)
				ProcessInitializeOnLoadAttributes (239ms)
				ProcessInitializeOnLoadMethodAttributes (45ms)
				AfterProcessingInitializeOnLoad (9ms)
				EditorAssembliesLoaded (0ms)
			ExecutionOrderSort2 (0ms)
			AwakeInstancesAfterBackupRestoration (8ms)
Platform modules already initialized, skipping
Refreshing native plugins compatible for Editor in 1.23 ms, found 2 plugins.
Preloading 0 native plugins for Editor in 0.00 ms.
Unloading 2241 Unused Serialized files (Serialized files now loaded: 0)
System memory in use before: 120.1 MB.
System memory in use after: 118.5 MB.

Unloading 69 unused Assets to reduce memory usage. Loaded Objects now: 2707.
Total: 13.111300 ms (FindLiveObjects: 0.350500 ms CreateObjectMapping: 0.179300 ms MarkObjects: 11.426800 ms  DeleteObjects: 1.152400 ms)

AssetImportParameters requested are different than current active one (requested -> active):
  custom:framework-win-MediaFoundation: 216162199b28c13a410421893ffa2e32 -> 
  custom:video-decoder-ogg-theora: a1e56fd34408186e4bbccfd4996cb3dc -> 
  custom:container-muxer-webm: aa71ff27fc2769a1b78a27578f13a17b -> 
  custom:container-demuxer-webm: 4f35f7cbe854078d1ac9338744f61a02 -> 
  custom:container-demuxer-ogg: 62fdf1f143b41e24485cea50d1cbac27 -> 
  custom:video-encoder-webm-vp8: eb34c28f22e8b96e1ab97ce403110664 -> 
  custom:video-decoder-webm-vp8: 9c59270c3fd7afecdb556c50c9e8de78 -> 
  custom:audio-decoder-ogg-vorbis: bf7c407c2cedff20999df2af8eb42d56 -> 
  custom:audio-encoder-webm-vorbis: bf7c407c2cedff20999df2af8eb42d56 -> 
========================================================================
Received Prepare
Registering precompiled user dll's ...
Registered in 0.003807 seconds.
Begin MonoManager ReloadAssembly
Native extension for WindowsStandalone target not found
Refreshing native plugins compatible for Editor in 1.33 ms, found 2 plugins.
Preloading 0 native plugins for Editor in 0.00 ms.
Mono: successfully reloaded assembly
- Completed reload, in  1.025 seconds
Domain Reload Profiling:
	ReloadAssembly (1025ms)
		BeginReloadAssembly (138ms)
			ExecutionOrderSort (0ms)
			DisableScriptedObjects (6ms)
			BackupInstance (0ms)
			ReleaseScriptingObjects (0ms)
			CreateAndSetChildDomain (52ms)
		EndReloadAssembly (826ms)
			LoadAssemblies (109ms)
			RebuildTransferFunctionScriptingTraits (0ms)
			SetupTypeCache (258ms)
			ReleaseScriptCaches (1ms)
			RebuildScriptCaches (40ms)
			SetupLoadedEditorAssemblies (332ms)
				LogAssemblyErrors (0ms)
				InitializePlatformSupportModulesInManaged (4ms)
				SetLoadedEditorAssemblies (0ms)
				RefreshPlugins (1ms)
				BeforeProcessingInitializeOnLoad (80ms)
				ProcessInitializeOnLoadAttributes (202ms)
				ProcessInitializeOnLoadMethodAttributes (38ms)
				AfterProcessingInitializeOnLoad (6ms)
				EditorAssembliesLoaded (0ms)
			ExecutionOrderSort2 (0ms)
			AwakeInstancesAfterBackupRestoration (7ms)
Platform modules already initialized, skipping
Refreshing native plugins compatible for Editor in 0.73 ms, found 2 plugins.
Preloading 0 native plugins for Editor in 0.00 ms.
Unloading 2236 Unused Serialized files (Serialized files now loaded: 0)
System memory in use before: 119.5 MB.
System memory in use after: 117.9 MB.

Unloading 68 unused Assets to reduce memory usage. Loaded Objects now: 2709.
Total: 7.806700 ms (FindLiveObjects: 0.225700 ms CreateObjectMapping: 0.082300 ms MarkObjects: 6.797600 ms  DeleteObjects: 0.699500 ms)

AssetImportParameters requested are different than current active one (requested -> active):
  custom:framework-win-MediaFoundation: 216162199b28c13a410421893ffa2e32 -> 
  custom:video-decoder-ogg-theora: a1e56fd34408186e4bbccfd4996cb3dc -> 
  custom:container-muxer-webm: aa71ff27fc2769a1b78a27578f13a17b -> 
  custom:container-demuxer-webm: 4f35f7cbe854078d1ac9338744f61a02 -> 
  custom:container-demuxer-ogg: 62fdf1f143b41e24485cea50d1cbac27 -> 
  custom:video-encoder-webm-vp8: eb34c28f22e8b96e1ab97ce403110664 -> 
  custom:video-decoder-webm-vp8: 9c59270c3fd7afecdb556c50c9e8de78 -> 
  custom:audio-decoder-ogg-vorbis: bf7c407c2cedff20999df2af8eb42d56 -> 
  custom:audio-encoder-webm-vorbis: bf7c407c2cedff20999df2af8eb42d56 -> 
========================================================================
Received Prepare
Registering precompiled user dll's ...
Registered in 0.003469 seconds.
Begin MonoManager ReloadAssembly
Native extension for WindowsStandalone target not found
Refreshing native plugins compatible for Editor in 1.24 ms, found 2 plugins.
Preloading 0 native plugins for Editor in 0.00 ms.
Mono: successfully reloaded assembly
- Completed reload, in  1.869 seconds
Domain Reload Profiling:
	ReloadAssembly (1870ms)
		BeginReloadAssembly (122ms)
			ExecutionOrderSort (0ms)
			DisableScriptedObjects (6ms)
			BackupInstance (0ms)
			ReleaseScriptingObjects (0ms)
			CreateAndSetChildDomain (37ms)
		EndReloadAssembly (1647ms)
			LoadAssemblies (138ms)
			RebuildTransferFunctionScriptingTraits (0ms)
			SetupTypeCache (604ms)
			ReleaseScriptCaches (2ms)
			RebuildScriptCaches (83ms)
			SetupLoadedEditorAssemblies (612ms)
				LogAssemblyErrors (0ms)
				InitializePlatformSupportModulesInManaged (9ms)
				SetLoadedEditorAssemblies (1ms)
				RefreshPlugins (1ms)
				BeforeProcessingInitializeOnLoad (158ms)
				ProcessInitializeOnLoadAttributes (395ms)
				ProcessInitializeOnLoadMethodAttributes (42ms)
				AfterProcessingInitializeOnLoad (7ms)
				EditorAssembliesLoaded (0ms)
			ExecutionOrderSort2 (0ms)
			AwakeInstancesAfterBackupRestoration (6ms)
Platform modules already initialized, skipping
Refreshing native plugins compatible for Editor in 0.75 ms, found 2 plugins.
Preloading 0 native plugins for Editor in 0.00 ms.
Unloading 2236 Unused Serialized files (Serialized files now loaded: 0)
System memory in use before: 119.6 MB.
System memory in use after: 118.0 MB.

Unloading 68 unused Assets to reduce memory usage. Loaded Objects now: 2711.
Total: 11.583000 ms (FindLiveObjects: 0.282000 ms CreateObjectMapping: 0.099500 ms MarkObjects: 10.489200 ms  DeleteObjects: 0.711200 ms)

AssetImportParameters requested are different than current active one (requested -> active):
  custom:framework-win-MediaFoundation: 216162199b28c13a410421893ffa2e32 -> 
  custom:video-decoder-ogg-theora: a1e56fd34408186e4bbccfd4996cb3dc -> 
  custom:container-muxer-webm: aa71ff27fc2769a1b78a27578f13a17b -> 
  custom:container-demuxer-webm: 4f35f7cbe854078d1ac9338744f61a02 -> 
  custom:container-demuxer-ogg: 62fdf1f143b41e24485cea50d1cbac27 -> 
  custom:video-encoder-webm-vp8: eb34c28f22e8b96e1ab97ce403110664 -> 
  custom:video-decoder-webm-vp8: 9c59270c3fd7afecdb556c50c9e8de78 -> 
  custom:audio-decoder-ogg-vorbis: bf7c407c2cedff20999df2af8eb42d56 -> 
  custom:audio-encoder-webm-vorbis: bf7c407c2cedff20999df2af8eb42d56 -> 
========================================================================
Received Prepare
Registering precompiled user dll's ...
Registered in 0.004352 seconds.
Begin MonoManager ReloadAssembly
Native extension for WindowsStandalone target not found
Refreshing native plugins compatible for Editor in 0.67 ms, found 2 plugins.
Preloading 0 native plugins for Editor in 0.00 ms.
Mono: successfully reloaded assembly
- Completed reload, in  1.214 seconds
Domain Reload Profiling:
	ReloadAssembly (1214ms)
		BeginReloadAssembly (119ms)
			ExecutionOrderSort (0ms)
			DisableScriptedObjects (7ms)
			BackupInstance (0ms)
			ReleaseScriptingObjects (0ms)
			CreateAndSetChildDomain (35ms)
		EndReloadAssembly (1018ms)
			LoadAssemblies (98ms)
			RebuildTransferFunctionScriptingTraits (0ms)
			SetupTypeCache (323ms)
			ReleaseScriptCaches (1ms)
			RebuildScriptCaches (58ms)
			SetupLoadedEditorAssemblies (421ms)
				LogAssemblyErrors (0ms)
				InitializePlatformSupportModulesInManaged (5ms)
				SetLoadedEditorAssemblies (1ms)
				RefreshPlugins (1ms)
				BeforeProcessingInitializeOnLoad (88ms)
				ProcessInitializeOnLoadAttributes (276ms)
				ProcessInitializeOnLoadMethodAttributes (43ms)
				AfterProcessingInitializeOnLoad (7ms)
				EditorAssembliesLoaded (0ms)
			ExecutionOrderSort2 (0ms)
			AwakeInstancesAfterBackupRestoration (7ms)
Platform modules already initialized, skipping
Refreshing native plugins compatible for Editor in 0.81 ms, found 2 plugins.
Preloading 0 native plugins for Editor in 0.00 ms.
Unloading 2236 Unused Serialized files (Serialized files now loaded: 0)
System memory in use before: 119.7 MB.
System memory in use after: 118.0 MB.

Unloading 68 unused Assets to reduce memory usage. Loaded Objects now: 2713.
Total: 7.490000 ms (FindLiveObjects: 0.222500 ms CreateObjectMapping: 0.079000 ms MarkObjects: 6.375900 ms  DeleteObjects: 0.811000 ms)

AssetImportParameters requested are different than current active one (requested -> active):
  custom:framework-win-MediaFoundation: 216162199b28c13a410421893ffa2e32 -> 
  custom:video-decoder-ogg-theora: a1e56fd34408186e4bbccfd4996cb3dc -> 
  custom:container-muxer-webm: aa71ff27fc2769a1b78a27578f13a17b -> 
  custom:container-demuxer-webm: 4f35f7cbe854078d1ac9338744f61a02 -> 
  custom:container-demuxer-ogg: 62fdf1f143b41e24485cea50d1cbac27 -> 
  custom:video-encoder-webm-vp8: eb34c28f22e8b96e1ab97ce403110664 -> 
  custom:video-decoder-webm-vp8: 9c59270c3fd7afecdb556c50c9e8de78 -> 
  custom:audio-decoder-ogg-vorbis: bf7c407c2cedff20999df2af8eb42d56 -> 
  custom:audio-encoder-webm-vorbis: bf7c407c2cedff20999df2af8eb42d56 -> 
========================================================================
Received Prepare
Registering precompiled user dll's ...
Registered in 0.003817 seconds.
Begin MonoManager ReloadAssembly
Native extension for WindowsStandalone target not found
Refreshing native plugins compatible for Editor in 0.88 ms, found 2 plugins.
Preloading 0 native plugins for Editor in 0.00 ms.
Mono: successfully reloaded assembly
- Completed reload, in  1.100 seconds
Domain Reload Profiling:
	ReloadAssembly (1101ms)
		BeginReloadAssembly (124ms)
			ExecutionOrderSort (0ms)
			DisableScriptedObjects (7ms)
			BackupInstance (0ms)
			ReleaseScriptingObjects (0ms)
			CreateAndSetChildDomain (34ms)
		EndReloadAssembly (905ms)
			LoadAssemblies (107ms)
			RebuildTransferFunctionScriptingTraits (0ms)
			SetupTypeCache (336ms)
			ReleaseScriptCaches (1ms)
			RebuildScriptCaches (54ms)
			SetupLoadedEditorAssemblies (329ms)
				LogAssemblyErrors (0ms)
				InitializePlatformSupportModulesInManaged (4ms)
				SetLoadedEditorAssemblies (0ms)
				RefreshPlugins (1ms)
				BeforeProcessingInitializeOnLoad (75ms)
				ProcessInitializeOnLoadAttributes (204ms)
				ProcessInitializeOnLoadMethodAttributes (38ms)
				AfterProcessingInitializeOnLoad (6ms)
				EditorAssembliesLoaded (0ms)
			ExecutionOrderSort2 (0ms)
			AwakeInstancesAfterBackupRestoration (7ms)
Platform modules already initialized, skipping
Refreshing native plugins compatible for Editor in 1.24 ms, found 2 plugins.
Preloading 0 native plugins for Editor in 0.00 ms.
Unloading 2236 Unused Serialized files (Serialized files now loaded: 0)
System memory in use before: 119.7 MB.
System memory in use after: 118.0 MB.

Unloading 68 unused Assets to reduce memory usage. Loaded Objects now: 2715.
Total: 13.399700 ms (FindLiveObjects: 0.298200 ms CreateObjectMapping: 0.172700 ms MarkObjects: 11.746900 ms  DeleteObjects: 1.180400 ms)

AssetImportParameters requested are different than current active one (requested -> active):
  custom:framework-win-MediaFoundation: 216162199b28c13a410421893ffa2e32 -> 
  custom:video-decoder-ogg-theora: a1e56fd34408186e4bbccfd4996cb3dc -> 
  custom:container-muxer-webm: aa71ff27fc2769a1b78a27578f13a17b -> 
  custom:container-demuxer-webm: 4f35f7cbe854078d1ac9338744f61a02 -> 
  custom:container-demuxer-ogg: 62fdf1f143b41e24485cea50d1cbac27 -> 
  custom:video-encoder-webm-vp8: eb34c28f22e8b96e1ab97ce403110664 -> 
  custom:video-decoder-webm-vp8: 9c59270c3fd7afecdb556c50c9e8de78 -> 
  custom:audio-decoder-ogg-vorbis: bf7c407c2cedff20999df2af8eb42d56 -> 
  custom:audio-encoder-webm-vorbis: bf7c407c2cedff20999df2af8eb42d56 -> 
========================================================================
Received Prepare
Registering precompiled user dll's ...
Registered in 0.005346 seconds.
Begin MonoManager ReloadAssembly
Native extension for WindowsStandalone target not found
Refreshing native plugins compatible for Editor in 1.26 ms, found 2 plugins.
Preloading 0 native plugins for Editor in 0.00 ms.
Mono: successfully reloaded assembly
- Completed reload, in  1.861 seconds
Domain Reload Profiling:
	ReloadAssembly (1861ms)
		BeginReloadAssembly (129ms)
			ExecutionOrderSort (0ms)
			DisableScriptedObjects (6ms)
			BackupInstance (0ms)
			ReleaseScriptingObjects (0ms)
			CreateAndSetChildDomain (33ms)
		EndReloadAssembly (1670ms)
			LoadAssemblies (117ms)
			RebuildTransferFunctionScriptingTraits (0ms)
			SetupTypeCache (326ms)
			ReleaseScriptCaches (2ms)
			RebuildScriptCaches (71ms)
			SetupLoadedEditorAssemblies (910ms)
				LogAssemblyErrors (0ms)
				InitializePlatformSupportModulesInManaged (11ms)
				SetLoadedEditorAssemblies (1ms)
				RefreshPlugins (1ms)
				BeforeProcessingInitializeOnLoad (206ms)
				ProcessInitializeOnLoadAttributes (567ms)
				ProcessInitializeOnLoadMethodAttributes (105ms)
				AfterProcessingInitializeOnLoad (18ms)
				EditorAssembliesLoaded (1ms)
			ExecutionOrderSort2 (0ms)
			AwakeInstancesAfterBackupRestoration (25ms)
Platform modules already initialized, skipping
Refreshing native plugins compatible for Editor in 1.03 ms, found 2 plugins.
Preloading 0 native plugins for Editor in 0.00 ms.
Unloading 2236 Unused Serialized files (Serialized files now loaded: 0)
System memory in use before: 119.7 MB.
System memory in use after: 118.0 MB.

Unloading 68 unused Assets to reduce memory usage. Loaded Objects now: 2717.
Total: 7.319400 ms (FindLiveObjects: 0.195400 ms CreateObjectMapping: 0.085200 ms MarkObjects: 6.310200 ms  DeleteObjects: 0.714200 ms)

AssetImportParameters requested are different than current active one (requested -> active):
  custom:framework-win-MediaFoundation: 216162199b28c13a410421893ffa2e32 -> 
  custom:video-decoder-ogg-theora: a1e56fd34408186e4bbccfd4996cb3dc -> 
  custom:container-muxer-webm: aa71ff27fc2769a1b78a27578f13a17b -> 
  custom:container-demuxer-webm: 4f35f7cbe854078d1ac9338744f61a02 -> 
  custom:container-demuxer-ogg: 62fdf1f143b41e24485cea50d1cbac27 -> 
  custom:video-encoder-webm-vp8: eb34c28f22e8b96e1ab97ce403110664 -> 
  custom:video-decoder-webm-vp8: 9c59270c3fd7afecdb556c50c9e8de78 -> 
  custom:audio-decoder-ogg-vorbis: bf7c407c2cedff20999df2af8eb42d56 -> 
  custom:audio-encoder-webm-vorbis: bf7c407c2cedff20999df2af8eb42d56 -> 
========================================================================
Received Prepare
Registering precompiled user dll's ...
Registered in 0.004242 seconds.
Begin MonoManager ReloadAssembly
Native extension for WindowsStandalone target not found
Refreshing native plugins compatible for Editor in 1.38 ms, found 2 plugins.
Preloading 0 native plugins for Editor in 0.00 ms.
Mono: successfully reloaded assembly
- Completed reload, in  1.349 seconds
Domain Reload Profiling:
	ReloadAssembly (1349ms)
		BeginReloadAssembly (112ms)
			ExecutionOrderSort (0ms)
			DisableScriptedObjects (5ms)
			BackupInstance (0ms)
			ReleaseScriptingObjects (0ms)
			CreateAndSetChildDomain (32ms)
		EndReloadAssembly (1175ms)
			LoadAssemblies (90ms)
			RebuildTransferFunctionScriptingTraits (0ms)
			SetupTypeCache (265ms)
			ReleaseScriptCaches (1ms)
			RebuildScriptCaches (37ms)
			SetupLoadedEditorAssemblies (677ms)
				LogAssemblyErrors (0ms)
				InitializePlatformSupportModulesInManaged (5ms)
				SetLoadedEditorAssemblies (1ms)
				RefreshPlugins (1ms)
				BeforeProcessingInitializeOnLoad (140ms)
				ProcessInitializeOnLoadAttributes (437ms)
				ProcessInitializeOnLoadMethodAttributes (78ms)
				AfterProcessingInitializeOnLoad (14ms)
				EditorAssembliesLoaded (0ms)
			ExecutionOrderSort2 (0ms)
			AwakeInstancesAfterBackupRestoration (13ms)
Platform modules already initialized, skipping
Refreshing native plugins compatible for Editor in 1.33 ms, found 2 plugins.
Preloading 0 native plugins for Editor in 0.00 ms.
Unloading 2236 Unused Serialized files (Serialized files now loaded: 0)
System memory in use before: 119.6 MB.
System memory in use after: 117.9 MB.

Unloading 68 unused Assets to reduce memory usage. Loaded Objects now: 2719.
Total: 13.781600 ms (FindLiveObjects: 0.340900 ms CreateObjectMapping: 0.176800 ms MarkObjects: 12.104700 ms  DeleteObjects: 1.156900 ms)

AssetImportParameters requested are different than current active one (requested -> active):
  custom:framework-win-MediaFoundation: 216162199b28c13a410421893ffa2e32 -> 
  custom:video-decoder-ogg-theora: a1e56fd34408186e4bbccfd4996cb3dc -> 
  custom:container-muxer-webm: aa71ff27fc2769a1b78a27578f13a17b -> 
  custom:container-demuxer-webm: 4f35f7cbe854078d1ac9338744f61a02 -> 
  custom:container-demuxer-ogg: 62fdf1f143b41e24485cea50d1cbac27 -> 
  custom:video-encoder-webm-vp8: eb34c28f22e8b96e1ab97ce403110664 -> 
  custom:video-decoder-webm-vp8: 9c59270c3fd7afecdb556c50c9e8de78 -> 
  custom:audio-decoder-ogg-vorbis: bf7c407c2cedff20999df2af8eb42d56 -> 
  custom:audio-encoder-webm-vorbis: bf7c407c2cedff20999df2af8eb42d56 -> 
========================================================================
Received Prepare
Registering precompiled user dll's ...
Registered in 0.007156 seconds.
Begin MonoManager ReloadAssembly
Native extension for WindowsStandalone target not found
Refreshing native plugins compatible for Editor in 0.71 ms, found 2 plugins.
Preloading 0 native plugins for Editor in 0.00 ms.
Mono: successfully reloaded assembly
- Completed reload, in  1.347 seconds
Domain Reload Profiling:
	ReloadAssembly (1347ms)
		BeginReloadAssembly (215ms)
			ExecutionOrderSort (0ms)
			DisableScriptedObjects (12ms)
			BackupInstance (0ms)
			ReleaseScriptingObjects (0ms)
			CreateAndSetChildDomain (58ms)
		EndReloadAssembly (1005ms)
			LoadAssemblies (197ms)
			RebuildTransferFunctionScriptingTraits (0ms)
			SetupTypeCache (327ms)
			ReleaseScriptCaches (1ms)
			RebuildScriptCaches (39ms)
			SetupLoadedEditorAssemblies (391ms)
				LogAssemblyErrors (0ms)
				InitializePlatformSupportModulesInManaged (5ms)
				SetLoadedEditorAssemblies (1ms)
				RefreshPlugins (1ms)
				BeforeProcessingInitializeOnLoad (98ms)
				ProcessInitializeOnLoadAttributes (233ms)
				ProcessInitializeOnLoadMethodAttributes (42ms)
				AfterProcessingInitializeOnLoad (11ms)
				EditorAssembliesLoaded (0ms)
			ExecutionOrderSort2 (0ms)
			AwakeInstancesAfterBackupRestoration (7ms)
Platform modules already initialized, skipping
Refreshing native plugins compatible for Editor in 0.74 ms, found 2 plugins.
Preloading 0 native plugins for Editor in 0.00 ms.
Unloading 2236 Unused Serialized files (Serialized files now loaded: 0)
System memory in use before: 119.7 MB.
System memory in use after: 118.0 MB.

Unloading 68 unused Assets to reduce memory usage. Loaded Objects now: 2721.
Total: 7.541200 ms (FindLiveObjects: 0.217500 ms CreateObjectMapping: 0.086700 ms MarkObjects: 6.459500 ms  DeleteObjects: 0.776400 ms)

AssetImportParameters requested are different than current active one (requested -> active):
  custom:framework-win-MediaFoundation: 216162199b28c13a410421893ffa2e32 -> 
  custom:video-decoder-ogg-theora: a1e56fd34408186e4bbccfd4996cb3dc -> 
  custom:container-muxer-webm: aa71ff27fc2769a1b78a27578f13a17b -> 
  custom:container-demuxer-webm: 4f35f7cbe854078d1ac9338744f61a02 -> 
  custom:container-demuxer-ogg: 62fdf1f143b41e24485cea50d1cbac27 -> 
  custom:video-encoder-webm-vp8: eb34c28f22e8b96e1ab97ce403110664 -> 
  custom:video-decoder-webm-vp8: 9c59270c3fd7afecdb556c50c9e8de78 -> 
  custom:audio-decoder-ogg-vorbis: bf7c407c2cedff20999df2af8eb42d56 -> 
  custom:audio-encoder-webm-vorbis: bf7c407c2cedff20999df2af8eb42d56 -> 
========================================================================
Received Prepare
Registering precompiled user dll's ...
Registered in 0.003488 seconds.
Begin MonoManager ReloadAssembly
Native extension for WindowsStandalone target not found
Refreshing native plugins compatible for Editor in 0.74 ms, found 2 plugins.
Preloading 0 native plugins for Editor in 0.00 ms.
Mono: successfully reloaded assembly
- Completed reload, in  1.069 seconds
Domain Reload Profiling:
	ReloadAssembly (1069ms)
		BeginReloadAssembly (117ms)
			ExecutionOrderSort (0ms)
			DisableScriptedObjects (5ms)
			BackupInstance (0ms)
			ReleaseScriptingObjects (0ms)
			CreateAndSetChildDomain (36ms)
		EndReloadAssembly (885ms)
			LoadAssemblies (91ms)
			RebuildTransferFunctionScriptingTraits (0ms)
			SetupTypeCache (302ms)
			ReleaseScriptCaches (1ms)
			RebuildScriptCaches (40ms)
			SetupLoadedEditorAssemblies (361ms)
				LogAssemblyErrors (0ms)
				InitializePlatformSupportModulesInManaged (4ms)
				SetLoadedEditorAssemblies (0ms)
				RefreshPlugins (1ms)
				BeforeProcessingInitializeOnLoad (96ms)
				ProcessInitializeOnLoadAttributes (215ms)
				ProcessInitializeOnLoadMethodAttributes (37ms)
				AfterProcessingInitializeOnLoad (7ms)
				EditorAssembliesLoaded (0ms)
			ExecutionOrderSort2 (0ms)
			AwakeInstancesAfterBackupRestoration (6ms)
Platform modules already initialized, skipping
Refreshing native plugins compatible for Editor in 0.71 ms, found 2 plugins.
Preloading 0 native plugins for Editor in 0.00 ms.
Unloading 2236 Unused Serialized files (Serialized files now loaded: 0)
System memory in use before: 119.7 MB.
System memory in use after: 118.0 MB.

Unloading 68 unused Assets to reduce memory usage. Loaded Objects now: 2723.
Total: 8.087900 ms (FindLiveObjects: 0.350400 ms CreateObjectMapping: 0.131900 ms MarkObjects: 6.883500 ms  DeleteObjects: 0.720600 ms)

AssetImportParameters requested are different than current active one (requested -> active):
  custom:framework-win-MediaFoundation: 216162199b28c13a410421893ffa2e32 -> 
  custom:video-decoder-ogg-theora: a1e56fd34408186e4bbccfd4996cb3dc -> 
  custom:container-muxer-webm: aa71ff27fc2769a1b78a27578f13a17b -> 
  custom:container-demuxer-webm: 4f35f7cbe854078d1ac9338744f61a02 -> 
  custom:container-demuxer-ogg: 62fdf1f143b41e24485cea50d1cbac27 -> 
  custom:video-encoder-webm-vp8: eb34c28f22e8b96e1ab97ce403110664 -> 
  custom:video-decoder-webm-vp8: 9c59270c3fd7afecdb556c50c9e8de78 -> 
  custom:audio-decoder-ogg-vorbis: bf7c407c2cedff20999df2af8eb42d56 -> 
  custom:audio-encoder-webm-vorbis: bf7c407c2cedff20999df2af8eb42d56 -> 
========================================================================
Received Prepare
Registering precompiled user dll's ...
Registered in 0.005027 seconds.
Begin MonoManager ReloadAssembly
Native extension for WindowsStandalone target not found
Refreshing native plugins compatible for Editor in 1.52 ms, found 2 plugins.
Preloading 0 native plugins for Editor in 0.00 ms.
Mono: successfully reloaded assembly
- Completed reload, in  2.211 seconds
Domain Reload Profiling:
	ReloadAssembly (2212ms)
		BeginReloadAssembly (168ms)
			ExecutionOrderSort (0ms)
			DisableScriptedObjects (15ms)
			BackupInstance (0ms)
			ReleaseScriptingObjects (0ms)
			CreateAndSetChildDomain (55ms)
		EndReloadAssembly (1905ms)
			LoadAssemblies (157ms)
			RebuildTransferFunctionScriptingTraits (0ms)
			SetupTypeCache (640ms)
			ReleaseScriptCaches (2ms)
			RebuildScriptCaches (87ms)
			SetupLoadedEditorAssemblies (764ms)
				LogAssemblyErrors (0ms)
				InitializePlatformSupportModulesInManaged (11ms)
				SetLoadedEditorAssemblies (1ms)
				RefreshPlugins (2ms)
				BeforeProcessingInitializeOnLoad (179ms)
				ProcessInitializeOnLoadAttributes (468ms)
				ProcessInitializeOnLoadMethodAttributes (87ms)
				AfterProcessingInitializeOnLoad (16ms)
				EditorAssembliesLoaded (1ms)
			ExecutionOrderSort2 (0ms)
			AwakeInstancesAfterBackupRestoration (15ms)
Platform modules already initialized, skipping
Refreshing native plugins compatible for Editor in 1.38 ms, found 2 plugins.
Preloading 0 native plugins for Editor in 0.00 ms.
Unloading 2236 Unused Serialized files (Serialized files now loaded: 0)
System memory in use before: 119.7 MB.
System memory in use after: 118.0 MB.

Unloading 68 unused Assets to reduce memory usage. Loaded Objects now: 2725.
Total: 7.920200 ms (FindLiveObjects: 0.210700 ms CreateObjectMapping: 0.104100 ms MarkObjects: 6.863000 ms  DeleteObjects: 0.740800 ms)

AssetImportParameters requested are different than current active one (requested -> active):
  custom:framework-win-MediaFoundation: 216162199b28c13a410421893ffa2e32 -> 
  custom:video-decoder-ogg-theora: a1e56fd34408186e4bbccfd4996cb3dc -> 
  custom:container-muxer-webm: aa71ff27fc2769a1b78a27578f13a17b -> 
  custom:container-demuxer-webm: 4f35f7cbe854078d1ac9338744f61a02 -> 
  custom:container-demuxer-ogg: 62fdf1f143b41e24485cea50d1cbac27 -> 
  custom:video-encoder-webm-vp8: eb34c28f22e8b96e1ab97ce403110664 -> 
  custom:video-decoder-webm-vp8: 9c59270c3fd7afecdb556c50c9e8de78 -> 
  custom:audio-decoder-ogg-vorbis: bf7c407c2cedff20999df2af8eb42d56 -> 
  custom:audio-encoder-webm-vorbis: bf7c407c2cedff20999df2af8eb42d56 -> 
AssetImportWorkerClient::OnTransportError - code=2 error=End of file
